Log file open, 06/06/18 23:30:57
LogWindows: Failed to load 'aqProf.dll' (GetLastError=126)
LogWindows: File 'aqProf.dll' does not exist
LogWindows: Failed to load 'VtuneApi.dll' (GetLastError=126)
LogWindows: File 'VtuneApi.dll' does not exist
LogWindows: Failed to load 'VtuneApi32e.dll' (GetLastError=126)
LogWindows: File 'VtuneApi32e.dll' does not exist
LogInit: Display: Running engine without a game
LogPlatformFile: Not using cached read wrapper
LogInit: Display: Loading recent project file: ../../../../../../Users/Mer Bear/Documents/GitHub/BuildingEscape/BuildingEscape/BuildingEscape.uproject
LogInit: Display: RandInit(1647914562) SRandInit(1647914562).
LogInit: Read version file with build ID '3944462'
LogInit: Overriding engine version to CL 4033788, compatible CL 3944462
LogInit: Registered custom module enumerator with build ID '3944462'
LogTaskGraph: Started task graph with 5 named threads and 11 total threads with 3 sets of task threads.
LogStats: Stats thread started at 0.188157
LogD3D11RHI: Aftermath initialized
LogICUInternationalization: Display: ICU TimeZone Detection - Raw Offset: -5:00, Platform Override: ''
LogPluginManager: Mounting plugin Paper2D
LogPluginManager: Mounting plugin LiveLink
LogPluginManager: Mounting plugin LightPropagationVolume
LogPluginManager: Mounting plugin CLionSourceCodeAccess
LogPluginManager: Mounting plugin CodeLiteSourceCodeAccess
LogPluginManager: Mounting plugin GitSourceControl
LogPluginManager: Mounting plugin KDevelopSourceCodeAccess
LogPluginManager: Mounting plugin NullSourceCodeAccess
LogPluginManager: Mounting plugin PerforceSourceControl
LogPluginManager: Mounting plugin SubversionSourceControl
LogPluginManager: Mounting plugin UObjectPlugin
LogPluginManager: Mounting plugin VisualStudioCodeSourceCodeAccess
LogPluginManager: Mounting plugin VisualStudioSourceCodeAccess
LogPluginManager: Mounting plugin XCodeSourceCodeAccess
LogPluginManager: Mounting plugin AssetManagerEditor
LogPluginManager: Mounting plugin CryptoKeys
LogPluginManager: Mounting plugin DataValidation
LogPluginManager: Mounting plugin FacialAnimation
LogPluginManager: Mounting plugin GameplayTagsEditor
LogPluginManager: Mounting plugin MobileLauncherProfileWizard
LogPluginManager: Mounting plugin PluginBrowser
LogPluginManager: Mounting plugin SpeedTreeImporter
LogPluginManager: Mounting plugin DatasmithContent
LogPluginManager: Mounting plugin AlembicImporter
LogPluginManager: Mounting plugin CharacterAI
LogPluginManager: Mounting plugin HTML5Networking
LogPluginManager: Mounting plugin AndroidMedia
LogPluginManager: Mounting plugin AvfMedia
LogPluginManager: Mounting plugin ImgMedia
LogPluginManager: Mounting plugin LinearTimecode
LogPluginManager: Mounting plugin MediaCompositing
LogPluginManager: Mounting plugin MediaPlayerEditor
LogPluginManager: Mounting plugin WmfMedia
LogPluginManager: Mounting plugin TcpMessaging
LogPluginManager: Mounting plugin UdpMessaging
LogPluginManager: Mounting plugin ActorSequence
LogPluginManager: Mounting plugin LevelSequenceEditor
LogPluginManager: Mounting plugin MatineeToLevelSequence
LogPluginManager: Mounting plugin NetcodeUnitTest
LogPluginManager: Mounting plugin NUTUnrealEngine4
LogPluginManager: Mounting plugin OnlineSubsystemGooglePlay
LogPluginManager: Mounting plugin OnlineSubsystemIOS
LogPluginManager: Mounting plugin OnlineSubsystem
LogPluginManager: Mounting plugin OnlineSubsystemNull
LogPluginManager: Mounting plugin OnlineSubsystemUtils
LogPluginManager: Mounting plugin AndroidDeviceProfileSelector
LogPluginManager: Mounting plugin AndroidMoviePlayer
LogPluginManager: Mounting plugin AndroidPermission
LogPluginManager: Mounting plugin AppleARKit
LogPluginManager: Mounting plugin AppleMoviePlayer
LogPluginManager: Mounting plugin ArchVisCharacter
LogPluginManager: Mounting plugin AudioCapture
LogPluginManager: Mounting plugin CableComponent
LogPluginManager: Mounting plugin CustomMeshComponent
LogPluginManager: Mounting plugin ExampleDeviceProfileSelector
LogPluginManager: Mounting plugin GoogleCloudMessaging
LogPluginManager: Mounting plugin ImmediatePhysics
LogPluginManager: Mounting plugin IOSDeviceProfileSelector
LogPluginManager: Mounting plugin LinuxDeviceProfileSelector
LogPluginManager: Mounting plugin LocationServicesBPLibrary
LogPluginManager: Mounting plugin MobilePatchingUtils
LogPluginManager: Mounting plugin OculusVR
LogPluginManager: Plugin shader directory ../../../Engine/Plugins/Runtime/Oculus/OculusVR/Shaders found
LogPluginManager: Mapping shader source directory ../../../Engine/Plugins/Runtime/Oculus/OculusVR/Shaders to virtual directory /Plugin/OculusVR
LogPluginManager: Mounting plugin PhysXVehicles
LogPluginManager: Mounting plugin ProceduralMeshComponent
LogPluginManager: Mounting plugin RuntimePhysXCooking
LogPluginManager: Mounting plugin SteamVR
LogPluginManager: Mounting plugin WindowsMoviePlayer
LogStreaming: Display: Took  0.188s to configure plugins.
LogModuleManager: Display: Found up-to-date module file ../../../../../../Users/Mer Bear/Documents/GitHub/BuildingEscape/BuildingEscape/Binaries/Win64/UE4Editor-BuildingEscape-7649.dll (API version 3944462).
LogModuleManager: Display: Found up-to-date module file ../../../Engine/Plugins/2D/Paper2D/Binaries/Win64/UE4Editor-Paper2D.dll (API version 3944462).
LogModuleManager: Display: Found up-to-date module file ../../../Engine/Plugins/2D/Paper2D/Binaries/Win64/UE4Editor-Paper2DEditor.dll (API version 3944462).
LogModuleManager: Display: Found up-to-date module file ../../../Engine/Plugins/2D/Paper2D/Binaries/Win64/UE4Editor-PaperSpriteSheetImporter.dll (API version 3944462).
LogModuleManager: Display: Found up-to-date module file ../../../Engine/Plugins/2D/Paper2D/Binaries/Win64/UE4Editor-PaperTiledImporter.dll (API version 3944462).
LogModuleManager: Display: Found up-to-date module file ../../../Engine/Plugins/2D/Paper2D/Binaries/Win64/UE4Editor-SmartSnapping.dll (API version 3944462).
LogModuleManager: Display: Found up-to-date module file ../../../Engine/Plugins/Animation/LiveLink/Binaries/Win64/UE4Editor-LiveLink.dll (API version 3944462).
LogModuleManager: Display: Found up-to-date module file ../../../Engine/Plugins/Animation/LiveLink/Binaries/Win64/UE4Editor-LiveLinkEditor.dll (API version 3944462).
LogModuleManager: Display: Found up-to-date module file ../../../Engine/Plugins/Blendables/LightPropagationVolume/Binaries/Win64/UE4Editor-LightPropagationVolumeRuntime.dll (API version 3944462).
LogModuleManager: Display: Found up-to-date module file ../../../Engine/Plugins/Blendables/LightPropagationVolume/Binaries/Win64/UE4Editor-LightPropagationVolumeEditor.dll (API version 3944462).
LogModuleManager: Display: Found up-to-date module file ../../../Engine/Plugins/Developer/CLionSourceCodeAccess/Binaries/Win64/UE4Editor-CLionSourceCodeAccess.dll (API version 3944462).
LogModuleManager: Display: Found up-to-date module file ../../../Engine/Plugins/Developer/GitSourceControl/Binaries/Win64/UE4Editor-GitSourceControl.dll (API version 3944462).
LogModuleManager: Display: Found up-to-date module file ../../../Engine/Plugins/Developer/PerforceSourceControl/Binaries/Win64/UE4Editor-PerforceSourceControl.dll (API version 3944462).
LogModuleManager: Display: Found up-to-date module file ../../../Engine/Plugins/Developer/SubversionSourceControl/Binaries/Win64/UE4Editor-SubversionSourceControl.dll (API version 3944462).
LogModuleManager: Display: Found up-to-date module file ../../../Engine/Plugins/Developer/UObjectPlugin/Binaries/Win64/UE4Editor-UObjectPlugin.dll (API version 3944462).
LogModuleManager: Display: Found up-to-date module file ../../../Engine/Plugins/Developer/VisualStudioCodeSourceCodeAccess/Binaries/Win64/UE4Editor-VisualStudioCodeSourceCodeAccess.dll (API version 3944462).
LogModuleManager: Display: Found up-to-date module file ../../../Engine/Plugins/Developer/VisualStudioSourceCodeAccess/Binaries/Win64/UE4Editor-VisualStudioSourceCodeAccess.dll (API version 3944462).
LogModuleManager: Display: Found up-to-date module file ../../../Engine/Plugins/Editor/AssetManagerEditor/Binaries/Win64/UE4Editor-AssetManagerEditor.dll (API version 3944462).
LogModuleManager: Display: Found up-to-date module file ../../../Engine/Plugins/Editor/CryptoKeys/Binaries/Win64/UE4Editor-CryptoKeys.dll (API version 3944462).
LogModuleManager: Display: Found up-to-date module file ../../../Engine/Plugins/Editor/CryptoKeys/Binaries/Win64/UE4Editor-CryptoKeysOpenSSL.dll (API version 3944462).
LogModuleManager: Display: Found up-to-date module file ../../../Engine/Plugins/Editor/DataValidation/Binaries/Win64/UE4Editor-DataValidation.dll (API version 3944462).
LogModuleManager: Display: Found up-to-date module file ../../../Engine/Plugins/Editor/FacialAnimation/Binaries/Win64/UE4Editor-FacialAnimation.dll (API version 3944462).
LogModuleManager: Display: Found up-to-date module file ../../../Engine/Plugins/Editor/FacialAnimation/Binaries/Win64/UE4Editor-FacialAnimationEditor.dll (API version 3944462).
LogModuleManager: Display: Found up-to-date module file ../../../Engine/Plugins/Editor/GameplayTagsEditor/Binaries/Win64/UE4Editor-GameplayTagsEditor.dll (API version 3944462).
LogModuleManager: Display: Found up-to-date module file ../../../Engine/Plugins/Editor/MobileLauncherProfileWizard/Binaries/Win64/UE4Editor-MobileLauncherProfileWizard.dll (API version 3944462).
LogModuleManager: Display: Found up-to-date module file ../../../Engine/Plugins/Editor/PluginBrowser/Binaries/Win64/UE4Editor-PluginBrowser.dll (API version 3944462).
LogModuleManager: Display: Found up-to-date module file ../../../Engine/Plugins/Editor/SpeedTreeImporter/Binaries/Win64/UE4Editor-SpeedTreeImporter.dll (API version 3944462).
LogModuleManager: Display: Found up-to-date module file ../../../Engine/Plugins/Enterprise/DatasmithContent/Binaries/Win64/UE4Editor-DatasmithContent.dll (API version 3944462).
LogModuleManager: Display: Found up-to-date module file ../../../Engine/Plugins/Experimental/AlembicImporter/Binaries/Win64/UE4Editor-AlembicImporter.dll (API version 3944462).
LogModuleManager: Display: Found up-to-date module file ../../../Engine/Plugins/Experimental/AlembicImporter/Binaries/Win64/UE4Editor-AlembicLibrary.dll (API version 3944462).
LogModuleManager: Display: Found up-to-date module file ../../../Engine/Plugins/Experimental/CharacterAI/Binaries/Win64/UE4Editor-CharacterAI.dll (API version 3944462).
LogModuleManager: Display: Found up-to-date module file ../../../Engine/Plugins/Experimental/HTML5Networking/Binaries/Win64/UE4Editor-HTML5Networking.dll (API version 3944462).
LogModuleManager: Display: Found up-to-date module file ../../../Engine/Plugins/Media/AndroidMedia/Binaries/Win64/UE4Editor-AndroidMediaEditor.dll (API version 3944462).
LogModuleManager: Display: Found up-to-date module file ../../../Engine/Plugins/Media/AndroidMedia/Binaries/Win64/UE4Editor-AndroidMediaFactory.dll (API version 3944462).
LogModuleManager: Display: Found up-to-date module file ../../../Engine/Plugins/Media/AvfMedia/Binaries/Win64/UE4Editor-AvfMediaEditor.dll (API version 3944462).
LogModuleManager: Display: Found up-to-date module file ../../../Engine/Plugins/Media/AvfMedia/Binaries/Win64/UE4Editor-AvfMediaFactory.dll (API version 3944462).
LogModuleManager: Display: Found up-to-date module file ../../../Engine/Plugins/Media/AvfMedia/Binaries/Win64/UE4Editor-AvfMediaFactory.dll (API version 3944462).
LogModuleManager: Display: Found up-to-date module file ../../../Engine/Plugins/Media/ImgMedia/Binaries/Win64/UE4Editor-ImgMedia.dll (API version 3944462).
LogModuleManager: Display: Found up-to-date module file ../../../Engine/Plugins/Media/ImgMedia/Binaries/Win64/UE4Editor-ImgMediaEditor.dll (API version 3944462).
LogModuleManager: Display: Found up-to-date module file ../../../Engine/Plugins/Media/ImgMedia/Binaries/Win64/UE4Editor-ImgMediaFactory.dll (API version 3944462).
LogModuleManager: Display: Found up-to-date module file ../../../Engine/Plugins/Media/ImgMedia/Binaries/Win64/UE4Editor-ImgMediaFactory.dll (API version 3944462).
LogModuleManager: Display: Found up-to-date module file ../../../Engine/Plugins/Media/ImgMedia/Binaries/Win64/UE4Editor-OpenExrWrapper.dll (API version 3944462).
LogModuleManager: Display: Found up-to-date module file ../../../Engine/Plugins/Media/LinearTimecode/Binaries/Win64/UE4Editor-LinearTimecode.dll (API version 3944462).
LogModuleManager: Display: Found up-to-date module file ../../../Engine/Plugins/Media/MediaCompositing/Binaries/Win64/UE4Editor-MediaCompositing.dll (API version 3944462).
LogModuleManager: Display: Found up-to-date module file ../../../Engine/Plugins/Media/MediaCompositing/Binaries/Win64/UE4Editor-MediaCompositingEditor.dll (API version 3944462).
LogModuleManager: Display: Found up-to-date module file ../../../Engine/Plugins/Media/MediaPlayerEditor/Binaries/Win64/UE4Editor-MediaPlayerEditor.dll (API version 3944462).
LogModuleManager: Display: Found up-to-date module file ../../../Engine/Plugins/Media/WmfMedia/Binaries/Win64/UE4Editor-WmfMedia.dll (API version 3944462).
LogModuleManager: Display: Found up-to-date module file ../../../Engine/Plugins/Media/WmfMedia/Binaries/Win64/UE4Editor-WmfMediaEditor.dll (API version 3944462).
LogModuleManager: Display: Found up-to-date module file ../../../Engine/Plugins/Media/WmfMedia/Binaries/Win64/UE4Editor-WmfMediaFactory.dll (API version 3944462).
LogModuleManager: Display: Found up-to-date module file ../../../Engine/Plugins/Media/WmfMedia/Binaries/Win64/UE4Editor-WmfMediaFactory.dll (API version 3944462).
LogModuleManager: Display: Found up-to-date module file ../../../Engine/Plugins/Messaging/TcpMessaging/Binaries/Win64/UE4Editor-TcpMessaging.dll (API version 3944462).
LogModuleManager: Display: Found up-to-date module file ../../../Engine/Plugins/Messaging/UdpMessaging/Binaries/Win64/UE4Editor-UdpMessaging.dll (API version 3944462).
LogModuleManager: Display: Found up-to-date module file ../../../Engine/Plugins/MovieScene/ActorSequence/Binaries/Win64/UE4Editor-ActorSequence.dll (API version 3944462).
LogModuleManager: Display: Found up-to-date module file ../../../Engine/Plugins/MovieScene/LevelSequenceEditor/Binaries/Win64/UE4Editor-LevelSequenceEditor.dll (API version 3944462).
LogModuleManager: Display: Found up-to-date module file ../../../Engine/Plugins/MovieScene/MatineeToLevelSequence/Binaries/Win64/UE4Editor-MatineeToLevelSequence.dll (API version 3944462).
LogModuleManager: Display: Found up-to-date module file ../../../Engine/Plugins/NetcodeUnitTest/NetcodeUnitTest/Binaries/Win64/UE4Editor-NetcodeUnitTest.dll (API version 3944462).
LogModuleManager: Display: Found up-to-date module file ../../../Engine/Plugins/NetcodeUnitTest/NUTUnrealEngine4/Binaries/Win64/UE4Editor-NUTUnrealEngine4.dll (API version 3944462).
LogModuleManager: Display: Found up-to-date module file ../../../Engine/Plugins/Online/OnlineSubsystem/Binaries/Win64/UE4Editor-OnlineSubsystem.dll (API version 3944462).
LogModuleManager: Display: Found up-to-date module file ../../../Engine/Plugins/Online/OnlineSubsystemNull/Binaries/Win64/UE4Editor-OnlineSubsystemNull.dll (API version 3944462).
LogModuleManager: Display: Found up-to-date module file ../../../Engine/Plugins/Online/OnlineSubsystemUtils/Binaries/Win64/UE4Editor-OnlineSubsystemUtils.dll (API version 3944462).
LogModuleManager: Display: Found up-to-date module file ../../../Engine/Plugins/Online/OnlineSubsystemUtils/Binaries/Win64/UE4Editor-OnlineBlueprintSupport.dll (API version 3944462).
LogModuleManager: Display: Found up-to-date module file ../../../Engine/Plugins/Runtime/AndroidDeviceProfileSelector/Binaries/Win64/UE4Editor-AndroidDeviceProfileSelector.dll (API version 3944462).
LogModuleManager: Display: Found up-to-date module file ../../../Engine/Plugins/Runtime/AndroidPermission/Binaries/Win64/UE4Editor-AndroidPermission.dll (API version 3944462).
LogModuleManager: Display: Found up-to-date module file ../../../Engine/Plugins/Runtime/AppleARKit/Binaries/Win64/UE4Editor-AppleARKit.dll (API version 3944462).
LogModuleManager: Display: Found up-to-date module file ../../../Engine/Plugins/Runtime/ArchVisCharacter/Binaries/Win64/UE4Editor-ArchVisCharacter.dll (API version 3944462).
LogModuleManager: Display: Found up-to-date module file ../../../Engine/Plugins/Runtime/AudioCapture/Binaries/Win64/UE4Editor-AudioCapture.dll (API version 3944462).
LogModuleManager: Display: Found up-to-date module file ../../../Engine/Plugins/Runtime/AudioCapture/Binaries/Win64/UE4Editor-AudioCaptureEditor.dll (API version 3944462).
LogModuleManager: Display: Found up-to-date module file ../../../Engine/Plugins/Runtime/CableComponent/Binaries/Win64/UE4Editor-CableComponent.dll (API version 3944462).
LogModuleManager: Display: Found up-to-date module file ../../../Engine/Plugins/Runtime/CustomMeshComponent/Binaries/Win64/UE4Editor-CustomMeshComponent.dll (API version 3944462).
LogModuleManager: Display: Found up-to-date module file ../../../Engine/Plugins/Runtime/ExampleDeviceProfileSelector/Binaries/Win64/UE4Editor-ExampleDeviceProfileSelector.dll (API version 3944462).
LogModuleManager: Display: Found up-to-date module file ../../../Engine/Plugins/Runtime/ImmediatePhysics/Binaries/Win64/UE4Editor-ImmediatePhysics.dll (API version 3944462).
LogModuleManager: Display: Found up-to-date module file ../../../Engine/Plugins/Runtime/ImmediatePhysics/Binaries/Win64/UE4Editor-ImmediatePhysicsEditor.dll (API version 3944462).
LogModuleManager: Display: Found up-to-date module file ../../../Engine/Plugins/Runtime/LocationServicesBPLibrary/Binaries/Win64/UE4Editor-LocationServicesBPLibrary.dll (API version 3944462).
LogModuleManager: Display: Found up-to-date module file ../../../Engine/Plugins/Runtime/MobilePatchingUtils/Binaries/Win64/UE4Editor-MobilePatchingUtils.dll (API version 3944462).
LogModuleManager: Display: Found up-to-date module file ../../../Engine/Plugins/Runtime/Oculus/OculusVR/Binaries/Win64/UE4Editor-OculusHMD.dll (API version 3944462).
LogModuleManager: Display: Found up-to-date module file ../../../Engine/Plugins/Runtime/Oculus/OculusVR/Binaries/Win64/UE4Editor-OculusInput.dll (API version 3944462).
LogModuleManager: Display: Found up-to-date module file ../../../Engine/Plugins/Runtime/Oculus/OculusVR/Binaries/Win64/UE4Editor-OculusEditor.dll (API version 3944462).
LogModuleManager: Display: Found up-to-date module file ../../../Engine/Plugins/Runtime/PhysXVehicles/Binaries/Win64/UE4Editor-PhysXVehicles.dll (API version 3944462).
LogModuleManager: Display: Found up-to-date module file ../../../Engine/Plugins/Runtime/PhysXVehicles/Binaries/Win64/UE4Editor-PhysXVehiclesEditor.dll (API version 3944462).
LogModuleManager: Display: Found up-to-date module file ../../../Engine/Plugins/Runtime/ProceduralMeshComponent/Binaries/Win64/UE4Editor-ProceduralMeshComponent.dll (API version 3944462).
LogModuleManager: Display: Found up-to-date module file ../../../Engine/Plugins/Runtime/ProceduralMeshComponent/Binaries/Win64/UE4Editor-ProceduralMeshComponentEditor.dll (API version 3944462).
LogModuleManager: Display: Found up-to-date module file ../../../Engine/Plugins/Runtime/RuntimePhysXCooking/Binaries/Win64/UE4Editor-RuntimePhysXCooking.dll (API version 3944462).
LogModuleManager: Display: Found up-to-date module file ../../../Engine/Plugins/Runtime/Steam/SteamVR/Binaries/Win64/UE4Editor-SteamVR.dll (API version 3944462).
LogModuleManager: Display: Found up-to-date module file ../../../Engine/Plugins/Runtime/Steam/SteamVR/Binaries/Win64/UE4Editor-SteamVRController.dll (API version 3944462).
LogModuleManager: Display: Found up-to-date module file ../../../Engine/Plugins/Runtime/WindowsMoviePlayer/Binaries/Win64/UE4Editor-WindowsMoviePlayer.dll (API version 3944462).
LogInit: Using libcurl 7.47.1
LogInit:  - built for x86_64-pc-win32
LogInit:  - supports SSL with OpenSSL/1.0.2g
LogInit:  - supports HTTP deflate (compression) using libz 1.2.8
LogInit:  - other features:
LogInit:      CURL_VERSION_SSL
LogInit:      CURL_VERSION_LIBZ
LogInit:      CURL_VERSION_IPV6
LogInit:      CURL_VERSION_ASYNCHDNS
LogInit:      CURL_VERSION_LARGEFILE
LogInit:      CURL_VERSION_IDN
LogInit:  CurlRequestOptions (configurable via config and command line):
LogInit:  - bVerifyPeer = false  - Libcurl will NOT verify peer certificate
LogInit:  - bUseHttpProxy = false  - Libcurl will NOT use HTTP proxy
LogInit:  - bDontReuseConnections = false  - Libcurl will reuse connections
LogInit:  - CertBundlePath = nullptr  - Libcurl will use whatever was configured at build time.
LogInit:  - MaxHostConnections = 16  - Libcurl will limit the number of connections to a host
LogInit:  - LocalHostAddr = Default
LogInit: WinSock: version 1.1 (2.2), MaxSocks=32767, MaxUdp=65467
LogInit: WinSock: I am DESKTOP-6LB38B5 (192.168.0.8:0)
LogInit: Build: ++UE4+Release-4.19-CL-4033788
LogInit: Engine Version: 4.19.2-4033788+++UE4+Release-4.19
LogInit: Compatible Engine Version: 4.19.0-3944462+++UE4+Release-4.19
LogInit: Net CL: 3944462
LogDevObjectVersion: Number of dev versions registered: 18
LogDevObjectVersion:   Dev-Blueprints (B0D832E4-1F89-4F0D-ACCF-7EB736FD4AA2): 10
LogDevObjectVersion:   Dev-Build (E1C64328-A22C-4D53-A36C-8E866417BD8C): 0
LogDevObjectVersion:   Dev-Core (375EC13C-06E4-48FB-B500-84F0262A717E): 2
LogDevObjectVersion:   Dev-Editor (E4B068ED-F494-42E9-A231-DA0B2E46BB41): 23
LogDevObjectVersion:   Dev-Framework (CFFC743F-43B0-4480-9391-14DF171D2073): 33
LogDevObjectVersion:   Dev-Mobile (B02B49B5-BB20-44E9-A304-32B752E40360): 2
LogDevObjectVersion:   Dev-Networking (A4E4105C-59A1-49B5-A7C5-40C4547EDFEE): 0
LogDevObjectVersion:   Dev-Online (39C831C9-5AE6-47DC-9A44-9C173E1C8E7C): 0
LogDevObjectVersion:   Dev-Physics (78F01B33-EBEA-4F98-B9B4-84EACCB95AA2): 0
LogDevObjectVersion:   Dev-Platform (6631380F-2D4D-43E0-8009-CF276956A95A): 0
LogDevObjectVersion:   Dev-Rendering (12F88B9F-8875-4AFC-A67C-D90C383ABD29): 25
LogDevObjectVersion:   Dev-Sequencer (7B5AE74C-D270-4C10-A958-57980B212A5A): 6
LogDevObjectVersion:   Dev-VR (D7296918-1DD6-4BDD-9DE2-64A83CC13884): 1
LogDevObjectVersion:   Dev-LoadTimes (C2A15278-BFE7-4AFE-6C17-90FF531DF755): 1
LogDevObjectVersion:   Private-Geometry (6EACA3D4-40EC-4CC1-B786-8BED09428FC5): 2
LogDevObjectVersion:   Dev-AnimPhys (29E575DD-E0A3-4627-9D10-D276232CDCEA): 16
LogDevObjectVersion:   Dev-ReflectionCapture (6B266CEC-1EC7-4B8F-A30B-E4D90942FC07): 1
LogDevObjectVersion:   Dev-Automation (0DF73D61-A23F-47EA-B727-89E90C41499A): 1
LogInit: Compiled (64-bit): Apr 27 2018 02:06:57
LogInit: Compiled with Visual C++: 19.00.24215.01
LogInit: Build Configuration: Development
LogInit: Branch Name: ++UE4+Release-4.19
LogInit: Command Line: -EpicPortal 
LogInit: Base Directory: C:/Program Files/Epic Games/UE_4.19/Engine/Binaries/Win64/
LogInit: Installed Engine Build: 1
LogStreaming: Display: Took  0.005s to delete old logs.
LogInit: Presizing for max 8388607 objects, including 0 objects not considered by GC, pre-allocating 0 bytes for permanent pool.
LogInit: Object subsystem initialized
[2018.06.07-03.30.59:994][  0]LogInit: Selected Device Profile: [Windows]
[2018.06.07-03.30.59:994][  0]LogInit: Applying CVar settings loaded from the selected device profile: [Windows]
[2018.06.07-03.31.00:094][  0]LogInit: Computer: DESKTOP-6LB38B5
[2018.06.07-03.31.00:094][  0]LogInit: User: MerBear
[2018.06.07-03.31.00:094][  0]LogInit: CPU Page size=4096, Cores=2
[2018.06.07-03.31.00:094][  0]LogInit: High frequency timer resolution =2.338336 MHz
[2018.06.07-03.31.00:095][  0]LogMemory: Memory total: Physical=15.9GB (16GB approx)
[2018.06.07-03.31.00:095][  0]LogMemory: Platform Memory Stats for Windows
[2018.06.07-03.31.00:095][  0]LogMemory: Process Physical Memory: 274.33 MB used, 274.33 MB peak
[2018.06.07-03.31.00:095][  0]LogMemory: Process Virtual Memory: 265.96 MB used, 265.96 MB peak
[2018.06.07-03.31.00:095][  0]LogMemory: Physical Memory: 6439.51 MB used,  9859.88 MB free, 16299.39 MB total
[2018.06.07-03.31.00:095][  0]LogMemory: Virtual Memory: 680.56 MB used,  9859.88 MB free, 134217728.00 MB total
[2018.06.07-03.31.00:131][  0]LogInit: Using OS detected language (en-US).
[2018.06.07-03.31.00:131][  0]LogInit: Using OS detected locale (en-US).
[2018.06.07-03.31.00:274][  0]LogTextLocalizationManager: No specific localization for 'en-US' exists, so the 'en' localization will be used.
[2018.06.07-03.31.01:138][  0]LogStreaming: Display: Took  1.007s to EndInitTextLocalization.
[2018.06.07-03.31.01:138][  0]LogInit: Setting process to per monitor DPI aware
[2018.06.07-03.31.01:185][  0]LogSlate: New Slate User Created.  User Index 0, Is Virtual User: 0
[2018.06.07-03.31.01:185][  0]LogSlate: Slate User Registered.  User Index 0, Is Virtual User: 0
[2018.06.07-03.31.07:972][  0]LogD3D11RHI: D3D11 adapters:
[2018.06.07-03.31.08:049][  0]LogD3D11RHI:    0. 'NVIDIA GeForce 940M' (Feature Level 11_0)
[2018.06.07-03.31.08:049][  0]LogD3D11RHI:       2020/0/8149 MB DedicatedVideo/DedicatedSystem/SharedSystem, Outputs:1, VendorId:0x10de
[2018.06.07-03.31.08:056][  0]LogD3D11RHI:    1. 'Intel(R) HD Graphics 5500' (Feature Level 11_0)
[2018.06.07-03.31.08:056][  0]LogD3D11RHI:       128/0/8149 MB DedicatedVideo/DedicatedSystem/SharedSystem, Outputs:0, VendorId:0x8086
[2018.06.07-03.31.08:059][  0]LogD3D11RHI:    2. 'Microsoft Basic Render Driver' (Feature Level 11_0)
[2018.06.07-03.31.08:059][  0]LogD3D11RHI:       0/0/8149 MB DedicatedVideo/DedicatedSystem/SharedSystem, Outputs:0, VendorId:0x1414
[2018.06.07-03.31.08:059][  0]LogD3D11RHI: Chosen D3D11 Adapter: 0
[2018.06.07-03.31.08:070][  0]LogD3D11RHI: Creating new Direct3DDevice
[2018.06.07-03.31.08:070][  0]LogD3D11RHI:     GPU DeviceId: 0x1347 (for the marketing name, search the web for "GPU Device Id")
[2018.06.07-03.31.08:070][  0]LogWindows: EnumDisplayDevices:
[2018.06.07-03.31.08:070][  0]LogWindows:    0. 'Intel(R) HD Graphics 5500' (P:1 D:1)
[2018.06.07-03.31.08:070][  0]LogWindows:    1. 'Intel(R) HD Graphics 5500' (P:0 D:0)
[2018.06.07-03.31.08:070][  0]LogWindows:    2. 'Intel(R) HD Graphics 5500' (P:0 D:0)
[2018.06.07-03.31.08:070][  0]LogWindows: DebugString: GetVideoDriverDetailsInvalid PrimaryIsNotTheChoosenAdapter GetVideoDriverDetailsInvalid PrimaryIsNotTheChoosenAdapter GetVideoDriverDetailsInvalid PrimaryIsNotTheChoosenAdapter FoundDriverCount:0 
[2018.06.07-03.31.08:071][  0]LogD3D11RHI:     Adapter Name: NVIDIA GeForce 940M
[2018.06.07-03.31.08:071][  0]LogD3D11RHI:   Driver Version: Unknown (internal:Unknown, unified:Unknown)
[2018.06.07-03.31.08:071][  0]LogD3D11RHI:      Driver Date: Unknown
[2018.06.07-03.31.08:071][  0]LogRHI: Texture pool is 1414 MB (70% of 2020 MB)
[2018.06.07-03.31.08:117][  0]LogD3D11RHI: [Aftermath] Aftermath enabled and primed
[2018.06.07-03.31.08:117][  0]LogD3D11RHI: [Aftermath] Aftermath enabled and primed
[2018.06.07-03.31.08:117][  0]LogD3D11RHI: Async texture creation enabled
[2018.06.07-03.31.08:138][  0]LogD3D11RHI: GPU Timing Frequency: 1000.000000 (Debug: 2 1)
[2018.06.07-03.31.08:139][  0]LogShaderCompilers: Guid format shader working directory is -31 characters bigger than the processId version (../../../../../../Users/Mer Bear/Documents/GitHub/BuildingEscape/BuildingEscape/Intermediate/Shaders/WorkingDirectory/13536/).
[2018.06.07-03.31.08:139][  0]LogShaderCompilers: Cleaned the shader compiler working directory 'C:/Users/Mer Bear/AppData/Local/Temp/UnrealShaderWorkingDir/14F1C4364C19CA4CF170A0802AE24783/'.
[2018.06.07-03.31.08:576][  0]LogTemp: Display: Loaded TP AllDesktopTargetPlatform
[2018.06.07-03.31.08:601][  0]LogTemp: Display: Loaded TP MacClientTargetPlatform
[2018.06.07-03.31.08:627][  0]LogTemp: Display: Loaded TP MacNoEditorTargetPlatform
[2018.06.07-03.31.08:651][  0]LogTemp: Display: Loaded TP MacServerTargetPlatform
[2018.06.07-03.31.08:730][  0]LogTemp: Display: Loaded TP MacTargetPlatform
[2018.06.07-03.31.08:755][  0]LogTemp: Display: Loaded TP WindowsClientTargetPlatform
[2018.06.07-03.31.08:775][  0]LogTemp: Display: Loaded TP WindowsNoEditorTargetPlatform
[2018.06.07-03.31.08:799][  0]LogTemp: Display: Loaded TP WindowsServerTargetPlatform
[2018.06.07-03.31.08:808][  0]LogTemp: Display: Loaded TP WindowsTargetPlatform
[2018.06.07-03.31.08:831][  0]LogTemp: Display: Loaded TP Android_ASTCTargetPlatform
[2018.06.07-03.31.08:851][  0]LogTemp: Display: Loaded TP Android_ATCTargetPlatform
[2018.06.07-03.31.08:872][  0]LogTemp: Display: Loaded TP Android_DXTTargetPlatform
[2018.06.07-03.31.08:894][  0]LogTemp: Display: Loaded TP Android_ETC1aTargetPlatform
[2018.06.07-03.31.08:913][  0]LogTemp: Display: Loaded TP Android_ETC1TargetPlatform
[2018.06.07-03.31.08:930][  0]LogTemp: Display: Loaded TP Android_ETC2TargetPlatform
[2018.06.07-03.31.08:970][  0]LogTemp: Display: Loaded TP Android_MultiTargetPlatform
[2018.06.07-03.31.08:970][  0]LogTemp: Display: Loaded TP Android_PVRTCTargetPlatform
[2018.06.07-03.31.09:008][  0]LogTemp: Display: Loaded TP AndroidTargetPlatform
[2018.06.07-03.31.09:012][  0]LogTemp: Display: Loaded TP HTML5TargetPlatform
[2018.06.07-03.31.09:076][  0]LogTemp: Display: Loaded TP IOSTargetPlatform
[2018.06.07-03.31.09:101][  0]LogTemp: Display: Loaded TP TVOSTargetPlatform
[2018.06.07-03.31.09:123][  0]LogTemp: Display: Loaded TP LinuxClientTargetPlatform
[2018.06.07-03.31.09:152][  0]LogTemp: Display: Loaded TP LinuxNoEditorTargetPlatform
[2018.06.07-03.31.09:169][  0]LogTemp: Display: Loaded TP LinuxServerTargetPlatform
[2018.06.07-03.31.09:202][  0]LogTemp: Display: Loaded TP LinuxTargetPlatform
[2018.06.07-03.31.09:202][  0]LogTargetPlatformManager: Display: Building Assets For Windows
[2018.06.07-03.31.09:379][  0]LogXGEController: Cleaning working directory: C:/Users/Mer Bear/AppData/Local/Temp/UnrealXGEWorkingDir/
[2018.06.07-03.31.09:379][  0]LogXGEController: Cannot use XGE Controller as Incredibuild is not installed on this machine.
[2018.06.07-03.31.09:379][  0]LogShaderCompilers: Cannot use XGE Shader Compiler as Incredibuild is not installed on this machine.
[2018.06.07-03.31.09:379][  0]LogShaderCompilers: Display: Using Local Shader Compiler.
[2018.06.07-03.31.13:743][  0]LogDerivedDataCache: Display: Max Cache Size: 512 MB
[2018.06.07-03.31.14:184][  0]LogDerivedDataCache: Loaded boot cache 0.44s 74MB C:/Users/Mer Bear/AppData/Local/UnrealEngine/4.19/DerivedDataCache/Boot.ddc.
[2018.06.07-03.31.14:184][  0]LogDerivedDataCache: Display: Loaded Boot cache: C:/Users/Mer Bear/AppData/Local/UnrealEngine/4.19/DerivedDataCache/Boot.ddc
[2018.06.07-03.31.14:184][  0]LogDerivedDataCache: FDerivedDataBackendGraph:  Pak pak cache file ../../../../../../Users/Mer Bear/Documents/GitHub/BuildingEscape/BuildingEscape/DerivedDataCache/DDC.ddp not found, will not use a pak cache.
[2018.06.07-03.31.14:184][  0]LogDerivedDataCache: Unable to find inner node Pak for hierarchical cache Hierarchy.
[2018.06.07-03.31.14:184][  0]LogDerivedDataCache: FDerivedDataBackendGraph:  CompressedPak pak cache file ../../../../../../Users/Mer Bear/Documents/GitHub/BuildingEscape/BuildingEscape/DerivedDataCache/Compressed.ddp not found, will not use a pak cache.
[2018.06.07-03.31.14:184][  0]LogDerivedDataCache: Unable to find inner node CompressedPak for hierarchical cache Hierarchy.
[2018.06.07-03.31.14:212][  0]LogDerivedDataCache: Display: Pak cache opened for reading ../../../Engine/DerivedDataCache/Compressed.ddp.
[2018.06.07-03.31.14:225][  0]LogDerivedDataCache: Using Local data cache path C:/Users/Mer Bear/AppData/Local/UnrealEngine/Common/DerivedDataCache: Writable
[2018.06.07-03.31.14:225][  0]LogDerivedDataCache: Shared data cache path not found in *engine.ini, will not use an Shared cache.
[2018.06.07-03.31.14:225][  0]LogDerivedDataCache: Unable to find inner node Shared for hierarchical cache Hierarchy.
[2018.06.07-03.31.14:244][  0]LogMaterial: Verifying Global Shaders for PCD3D_SM5
[2018.06.07-03.31.14:245][  0]LogSlate: Using Freetype 2.6.0
[2018.06.07-03.31.14:246][  0]LogSlate: SlateFontCache - WITH_FREETYPE: 1, WITH_HARFBUZZ: 1
[2018.06.07-03.31.14:246][  0]LogSlate: SlateFontCache - WITH_FREETYPE: 1, WITH_HARFBUZZ: 1
[2018.06.07-03.31.14:429][  0]LogAssetRegistry: FAssetRegistry took 0.0297 seconds to start up
[2018.06.07-03.31.15:110][  0]LogInit: Selected Device Profile: [Windows]
[2018.06.07-03.31.15:373][  0]LogSimplygon: Simplygon DLL not present - disabling.
[2018.06.07-03.31.15:378][  0]LogMeshReduction: Using SimplygonSwarm for distributed automatic mesh merging
[2018.06.07-03.31.15:378][  0]LogMeshReduction: Using QuadricMeshReduction for automatic static mesh reduction
[2018.06.07-03.31.15:378][  0]LogMeshReduction: No automatic skeletal mesh reduction module available
[2018.06.07-03.31.15:378][  0]LogMeshReduction: No automatic mesh merging module available
[2018.06.07-03.31.15:378][  0]LogMeshMerging: No automatic mesh merging module available
[2018.06.07-03.31.15:424][  0]LogNetVersion: BuildingEscape , NetCL: 3944462, EngineNetVer: 2, GameNetVer: 0 (Checksum: 4285820645)
[2018.06.07-03.31.16:429][  0]LogPackageLocalizationCache: Processed 9 localized package path(s) for 2 prioritized culture(s) in 0.197026 seconds
[2018.06.07-03.31.16:443][  0]LogUObjectArray: 36728 objects as part of root set at end of initial load.
[2018.06.07-03.31.16:443][  0]LogUObjectAllocator: 7314312 out of 0 bytes used by permanent object pool.
[2018.06.07-03.31.16:444][  0]LogUObjectArray: CloseDisregardForGC: 0/0 objects in disregard for GC pool
[2018.06.07-03.31.40:600][  0]LogTcpMessaging: Initializing TcpMessaging bridge
[2018.06.07-03.31.40:641][  0]LogUdpMessaging: Initializing bridge on interface 0.0.0.0:0 to multicast group 230.0.0.1:6666.
[2018.06.07-03.31.41:636][  0]SourceControl: Source control is disabled
[2018.06.07-03.31.41:636][  0]SourceControl: Source control is disabled
[2018.06.07-03.31.41:663][  0]SourceControl: Source control is disabled
[2018.06.07-03.31.41:690][  0]SourceControl: Source control is disabled
[2018.06.07-03.31.42:731][  0]LogAndroidPermission: UAndroidPermissionCallbackProxy::GetInstance
[2018.06.07-03.31.43:054][  0]LogOcInput: OculusInput pre-init called
[2018.06.07-03.31.43:364][  0]LogEngine: Initializing Engine...
[2018.06.07-03.31.43:365][  0]LogHMD: Failed to initialize OpenVR with code 110
[2018.06.07-03.31.43:367][  0]LogStats: UGameplayTagsManager::ConstructGameplayTagTree: Construct from data asset -  0.000 s
[2018.06.07-03.31.43:367][  0]LogStats: UGameplayTagsManager::ConstructGameplayTagTree: GameplayTagTreeChangedEvent.Broadcast -  0.000 s
[2018.06.07-03.31.43:756][  0]LogAIModule: Creating AISystem for world Untitled
[2018.06.07-03.31.43:798][  0]LogInit: XAudio2 using 'Speaker/HP (Realtek High Definition Audio)' : 2 channels at 48 kHz using 32 bits per sample (channel mask 0x3)
[2018.06.07-03.31.43:852][  0]LogInit: FAudioDevice initialized.
[2018.06.07-03.31.44:154][  0]LogDerivedDataCache: Saved boot cache 0.30s 74MB C:/Users/Mer Bear/AppData/Local/UnrealEngine/4.19/DerivedDataCache/Boot.ddc.
[2018.06.07-03.31.44:182][  0]LogInit: Texture streaming: Enabled
[2018.06.07-03.31.44:210][  0]LogEngineSessionManager: EngineSessionManager initialized
[2018.06.07-03.31.44:210][  0]LogEngineSessionManager: EngineSessionManager sent abnormal shutdown report. Type=Crashed, SessionId={E424BB6B-46C8-3BB7-6E2E-1CA2FDC6D883}
[2018.06.07-03.31.44:244][  0]LogInit: Transaction tracking system initialized
[2018.06.07-03.31.44:281][  0]BlueprintLog: New page: Editor Load
[2018.06.07-03.31.44:400][  0]LocalizationService: Localization service is disabled
[2018.06.07-03.31.44:666][  0]LogConsoleResponse: Display: 
[2018.06.07-03.31.44:914][  0]LogCook: Display: Max memory allowance for cook 16384mb min free memory 0mb
[2018.06.07-03.31.44:914][  0]LogCook: Display: Mobile HDR setting 1
[2018.06.07-03.31.44:914][  0]LogGameplayTags: Display: UGameplayTagsManager::DoneAddingNativeTags. DelegateIsBound: 0
[2018.06.07-03.31.44:914][  0]LogStats: UGameplayTagsManager::ConstructGameplayTagTree: Construct from data asset -  0.000 s
[2018.06.07-03.31.44:914][  0]LogStats: UGameplayTagsManager::ConstructGameplayTagTree: GameplayTagTreeChangedEvent.Broadcast -  0.000 s
[2018.06.07-03.31.44:929][  0]LogFileCache: Scanning file cache for directory 'C:/Users/Mer Bear/Documents/GitHub/BuildingEscape/BuildingEscape/Content/' took 0.02s
[2018.06.07-03.31.46:278][  0]SourceControl: Source control is disabled
[2018.06.07-03.31.46:375][  0]LogSlate: Took 0.000393 seconds to synchronously load lazily loaded font '../../../Engine/Content/Slate/Fonts/Roboto-Regular.ttf' (155K)
[2018.06.07-03.32.30:936][  0]LogSlate: Window 'Restore Packages' being destroyed
[2018.06.07-03.32.30:937][  0]LogWindowsTextInputMethodSystem: Display: IME system now deactivated.
[2018.06.07-03.32.30:937][  0]LogWindowsTextInputMethodSystem: Display: IME system now deactivated.
[2018.06.07-03.32.30:966][  0]LogWindowsTextInputMethodSystem: Display: IME system now deactivated.
[2018.06.07-03.32.30:966][  0]LogWindowsTextInputMethodSystem: Display: IME system now deactivated.
[2018.06.07-03.32.35:782][  0]LogSlate: Window 'Unable to Check Out From Source Control!' being destroyed
[2018.06.07-03.32.35:783][  0]LogWindowsTextInputMethodSystem: Display: IME system now deactivated.
[2018.06.07-03.32.35:783][  0]LogWindowsTextInputMethodSystem: Display: IME system now deactivated.
[2018.06.07-03.32.35:852][  0]LogWindowsTextInputMethodSystem: Display: IME system now deactivated.
[2018.06.07-03.32.35:852][  0]LogWindowsTextInputMethodSystem: Display: IME system now deactivated.
[2018.06.07-03.32.35:854][  0]Cmd: MAP LOAD FILE="../../../../../../Users/Mer Bear/Documents/GitHub/BuildingEscape/BuildingEscape/Content/StarterContent/Maps/Minimal_Default.umap" TEMPLATE=0 SHOWPROGRESS=1 FEATURELEVEL=3
[2018.06.07-03.32.35:855][  0]LightingResults: New page: Lighting Build
[2018.06.07-03.32.35:863][  0]MapCheck: New page: Map Check
[2018.06.07-03.32.35:863][  0]LightingResults: New page: Lighting Build
[2018.06.07-03.32.37:121][  0]LogAIModule: Creating AISystem for world Minimal_Default
[2018.06.07-03.32.37:150][  0]LogEditorServer: Finished looking for orphan Actors (0.000 secs)
[2018.06.07-03.32.37:185][  0]Cmd: MAP CHECKDEP NOCLEARLOG
[2018.06.07-03.32.37:336][  0]MapCheck: Map check complete: 0 Error(s), 0 Warning(s), took 151.213ms to complete.
[2018.06.07-03.32.37:336][  0]LogFileHelpers: Loading map 'Minimal_Default' took 1.483
[2018.06.07-03.32.37:548][  0]LogStats: Warning: MetaData mismatch. Did you assign a stat to two groups? New //STATGROUP_Threads//SplashScreenThread///Thread_15d0_0///####STATCAT_Advanced#### old //STATGROUP_Threads//SplashScreenThread///Thread_12ac_0///####STATCAT_Advanced####
[2018.06.07-03.32.37:548][  0]LogCollectionManager: Loaded 0 collections in 0.003572 seconds
[2018.06.07-03.32.37:596][  0]LogFileCache: Scanning file cache for directory 'C:/Users/Mer Bear/Documents/GitHub/BuildingEscape/BuildingEscape/Saved/Collections/' took 0.01s
[2018.06.07-03.32.37:597][  0]LogFileCache: Scanning file cache for directory 'C:/Users/Mer Bear/Documents/GitHub/BuildingEscape/BuildingEscape/Content/Developers/MerBear/Collections/' took 0.01s
[2018.06.07-03.32.37:597][  0]LogFileCache: Scanning file cache for directory 'C:/Users/Mer Bear/Documents/GitHub/BuildingEscape/BuildingEscape/Content/Collections/' took 0.01s
[2018.06.07-03.32.37:597][  0]LogCollectionManager: Rebuilt the GUID cache for 0 collections in 0.000001 seconds
[2018.06.07-03.32.37:614][  0]LogContentBrowser: Native class hierarchy populated in 0.0170 seconds. Added 2456 classes and 560 folders.
[2018.06.07-03.32.37:628][  0]LogContentBrowser: Native class hierarchy updated for 'WidgetCarousel' in 0.0007 seconds. Added 0 classes and 0 folders.
[2018.06.07-03.32.38:489][  0]LogContentBrowser: Native class hierarchy updated for 'AddContentDialog' in 0.0018 seconds. Added 0 classes and 0 folders.
[2018.06.07-03.32.38:499][  0]LogContentBrowser: Native class hierarchy updated for 'SceneOutliner' in 0.0008 seconds. Added 1 classes and 2 folders.
[2018.06.07-03.32.38:587][  0]LogSlate: Took 0.000348 seconds to synchronously load lazily loaded font '../../../Engine/Content/Slate/Fonts/Roboto-Bold.ttf' (160K)
[2018.06.07-03.32.38:647][  0]LogSlate: Took 0.054024 seconds to synchronously load lazily loaded font '../../../Engine/Content/Editor/Slate/Fonts/FontAwesome.ttf' (139K)
[2018.06.07-03.32.38:870][  0]LogRenderer: Reallocating scene render targets to support 1168x592 Format 10 NumSamples 1 (Frame:1).
[2018.06.07-03.32.39:021][  0]LogSlate: Took 0.000651 seconds to synchronously load lazily loaded font '../../../Engine/Content/Slate/Fonts/Roboto-Light.ttf' (167K)
[2018.06.07-03.32.39:139][  0]LogContentBrowser: Native class hierarchy updated for 'HierarchicalLODOutliner' in 0.0013 seconds. Added 0 classes and 0 folders.
[2018.06.07-03.32.39:139][  0]LogLoad: (Engine Initialization) Total time: 103.72 seconds
[2018.06.07-03.32.39:139][  0]LogLoad: (Engine Initialization) Total Blueprint compile time: 0.00 seconds
[2018.06.07-03.32.39:177][  0]LogContentStreaming: Texture pool size now 1000 MB
[2018.06.07-03.32.39:225][  1]LogRenderer: Reallocating scene render targets to support 1168x604 Format 10 NumSamples 1 (Frame:2).
[2018.06.07-03.32.39:365][  2]LogAssetRegistry: Asset discovery search completed in 84.9590 seconds
[2018.06.07-03.32.39:370][  2]LogCollectionManager: Rebuilt the object cache for 0 collections in 0.000002 seconds (found 0 objects)
[2018.06.07-03.32.39:371][  2]LogCollectionManager: Fixed up redirectors for 0 collections in 0.000487 seconds (updated 0 objects)
[2018.06.07-03.32.40:271][ 24]LogSlate: Took 0.000516 seconds to synchronously load lazily loaded font '../../../Engine/Content/Slate/Fonts/Roboto-Light.ttf' (167K)
[2018.06.07-03.32.45:704][230]LogSlate: FSceneViewport::OnFocusLost() reason 0
[2018.06.07-03.32.46:576][236]LogContentBrowser: Native class hierarchy updated for 'BlueprintGraph' in 0.0012 seconds. Added 116 classes and 0 folders.
[2018.06.07-03.32.47:113][236]LogUObjectGlobals: Created PersistentFrame Addr=0x00000175c880a290, Size=4, Default__SKEL_PROTO_BP_AnimBlueprint_0_C Function /Engine/Transient.SKEL_PROTO_BP_AnimBlueprint_0_C:ExecuteUbergraph_PROTO_BP_AnimBlueprint_0
[2018.06.07-03.32.47:114][236]LogUObjectGlobals: Created PersistentFrame Addr=0x00000175c880a288, Size=4, Default__PROTO_BP_AnimBlueprint_0_C Function /Engine/Transient.PROTO_BP_AnimBlueprint_0_C:ExecuteUbergraph_PROTO_BP_AnimBlueprint_0
[2018.06.07-03.32.47:890][236]LogSlate: Took 0.000383 seconds to synchronously load lazily loaded font '../../../Engine/Content/Slate/Fonts/Roboto-BoldCondensed.ttf' (158K)
[2018.06.07-03.32.50:065][300]LogSlate: Took 0.000338 seconds to synchronously load lazily loaded font '../../../Engine/Content/Slate/Fonts/Roboto-Italic.ttf' (157K)
[2018.06.07-03.33.43:153][165]LogSlate: Window 'DefaultPawn_BP' being destroyed
[2018.06.07-03.33.43:164][165]LogSlate: Window 'DefaultPawn_BP' being destroyed
[2018.06.07-03.33.45:301][233]LogSlate: FSceneViewport::OnFocusLost() reason 0
[2018.06.07-03.33.45:460][241]Candidate modules for hot reload:
[2018.06.07-03.33.45:460][241]  BuildingEscape
[2018.06.07-03.33.45:460][241]Launching UnrealBuildTool... [C:/Program Files/Epic Games/UE_4.19/Engine/Binaries/DotNET/UnrealBuildTool.exe BuildingEscape -ModuleWithSuffix=BuildingEscape,2458 Win64 Development -editorrecompile -canskiplink "C:/Users/Mer Bear/Documents/GitHub/BuildingEscape/BuildingEscape/BuildingEscape.uproject" ]
[2018.06.07-03.33.45:463][241]Warning: Starting HotReload took  0.0s.
[2018.06.07-03.38.35:396][917]LogInit: XAudio2 using 'Speaker/HP (Realtek High Definition Audio)' : 2 channels at 48 kHz using 32 bits per sample (channel mask 0x3)
[2018.06.07-03.38.41:014][ 78]CompilerResultsLog: New page: Compilation - Jun 6, 2018, 7:38:41 PM
[2018.06.07-03.38.41:015][ 78]CompilerResultsLog: Using 'git status' to determine working set for adaptive non-unity build.
[2018.06.07-03.38.41:015][ 78]CompilerResultsLog: Creating makefile for hot reloading BuildingEscape (modules to compile have changed)
[2018.06.07-03.38.41:015][ 78]CompilerResultsLog: Compiling game modules for hot reload
[2018.06.07-03.38.41:015][ 78]CompilerResultsLog: Parsing headers for BuildingEscapeEditor
[2018.06.07-03.38.41:015][ 78]CompilerResultsLog:   Running UnrealHeaderTool "C:\Users\Mer Bear\Documents\GitHub\BuildingEscape\BuildingEscape\BuildingEscape.uproject" "C:\Users\Mer Bear\Documents\GitHub\BuildingEscape\BuildingEscape\Intermediate\Build\Win64\BuildingEscapeEditor\Development\BuildingEscapeEditor.uhtmanifest" -LogCmds="loginit warning, logexit warning, logdatabase error" -Unattended -WarningsAsErrors -installed
[2018.06.07-03.38.41:015][ 78]CompilerResultsLog: Reflection code generated for BuildingEscapeEditor in 81.2798165 seconds
[2018.06.07-03.38.41:016][ 78]CompilerResultsLog: Performing 4 actions (2 in parallel)
[2018.06.07-03.38.41:016][ 78]CompilerResultsLog: Grabber.gen.cpp
[2018.06.07-03.38.41:016][ 78]CompilerResultsLog: Grabber.cpp
[2018.06.07-03.38.41:016][ 78]CompilerResultsLog: [3/4] Link UE4Editor-BuildingEscape-2458.dll
[2018.06.07-03.38.41:016][ 78]CompilerResultsLog: [4/4] Link UE4Editor-BuildingEscape-2458.lib
[2018.06.07-03.38.41:016][ 78]CompilerResultsLog:    Creating library C:\Users\Mer Bear\Documents\GitHub\BuildingEscape\BuildingEscape\Intermediate\Build\Win64\UE4Editor\Development\UE4Editor-BuildingEscape-2458.lib and object C:\Users\Mer Bear\Documents\GitHub\BuildingEscape\BuildingEscape\Intermediate\Build\Win64\UE4Editor\Development\UE4Editor-BuildingEscape-2458.exp
[2018.06.07-03.38.41:016][ 78]CompilerResultsLog:    Creating library C:\Users\Mer Bear\Documents\GitHub\BuildingEscape\BuildingEscape\Intermediate\Build\Win64\UE4Editor\Development\UE4Editor-BuildingEscape-2458.suppressed.lib and object C:\Users\Mer Bear\Documents\GitHub\BuildingEscape\BuildingEscape\Intermediate\Build\Win64\UE4Editor\Development\UE4Editor-BuildingEscape-2458.suppressed.exp
[2018.06.07-03.38.41:016][ 78]CompilerResultsLog: Total build time: 294.91 seconds (Local executor: 23.28 seconds)
[2018.06.07-03.38.41:016][ 78]LogMainFrame: MainFrame: Module compiling took 295.563 seconds
[2018.06.07-03.38.41:175][ 78]LogClass: Could not find existing class Grabber in package /Script/BuildingEscape for HotReload, assuming new class
[2018.06.07-03.38.41:247][ 78]LogHotReload: Re-instancing Grabber after hot-reload.
[2018.06.07-03.38.41:424][ 78]LogContentBrowser: Native class hierarchy updated for 'BuildingEscape' in 0.0016 seconds. Added 4 classes and 2 folders.
[2018.06.07-03.38.41:428][ 78]Display: HotReload successful (0 functions remapped  0 scriptstructs remapped)
[2018.06.07-03.38.42:178][ 78]LogContentBrowser: Native class hierarchy populated in 0.0211 seconds. Added 2457 classes and 562 folders.
[2018.06.07-03.38.42:179][ 78]Display: HotReload took 296.7s.
[2018.06.07-03.38.49:655][298]LogSavePackage: Save=324.90ms
[2018.06.07-03.38.49:655][298]LogSavePackage: Moving '../../../../../../Users/Mer Bear/Documents/GitHub/BuildingEscape/BuildingEscape/Saved/Minimal_DefaultDF1CE6F7403EB29E04437CB1AA4F1D7D.tmp' to '../../../../../../Users/Mer Bear/Documents/GitHub/BuildingEscape/BuildingEscape/Content/StarterContent/Maps/Minimal_Default.umap'
[2018.06.07-03.38.49:672][298]LogSavePackage: Display: Finished SavePackage ../../../../../../Users/Mer Bear/Documents/GitHub/BuildingEscape/BuildingEscape/Content/StarterContent/Maps/Minimal_Default.umap
[2018.06.07-03.38.50:294][298]LogSavePackage: Save=465.43ms
[2018.06.07-03.38.50:294][298]LogSavePackage: Moving '../../../../../../Users/Mer Bear/Documents/GitHub/BuildingEscape/BuildingEscape/Saved/Minimal_Default_BuiltDataA7094A204AB7AC16EDE93BB8B1FDF9D8.tmp' to '../../../../../../Users/Mer Bear/Documents/GitHub/BuildingEscape/BuildingEscape/Content/StarterContent/Maps/Minimal_Default_BuiltData.uasset'
[2018.06.07-03.38.50:297][298]LogSavePackage: Display: Finished SavePackage ../../../../../../Users/Mer Bear/Documents/GitHub/BuildingEscape/BuildingEscape/Content/StarterContent/Maps/Minimal_Default_BuiltData.uasset
[2018.06.07-03.42.52:383][ 38]LogTemp: Repeating last play command: Selected Viewport
[2018.06.07-03.42.52:502][ 38]LogBlueprintUserMessages: Early PlayInEditor Detection: Level '/Game/StarterContent/Maps/Minimal_Default.Minimal_Default:PersistentLevel' has LevelScriptBlueprint '/Game/StarterContent/Maps/Minimal_Default.Minimal_Default:PersistentLevel.Minimal_Default' with GeneratedClass '/Game/StarterContent/Maps/Minimal_Default.Minimal_Default_C' with ClassGeneratedBy '/Game/StarterContent/Maps/Minimal_Default.Minimal_Default:PersistentLevel.Minimal_Default'
[2018.06.07-03.42.52:503][ 38]LogPlayLevel: PlayLevel: No blueprints needed recompiling
[2018.06.07-03.42.52:503][ 38]PIE: New page: PIE session: Minimal_Default (Jun 6, 2018, 7:42:52 PM)
[2018.06.07-03.42.52:504][ 38]LogPlayLevel: Creating play world package: /Game/StarterContent/Maps/UEDPIE_0_Minimal_Default
[2018.06.07-03.42.52:528][ 38]LogPlayLevel: PIE: StaticDuplicateObject took: (0.024190s)
[2018.06.07-03.42.52:531][ 38]LogAIModule: Creating AISystem for world Minimal_Default
[2018.06.07-03.42.52:532][ 38]LogPlayLevel: PIE: World Init took: (0.003326s)
[2018.06.07-03.42.52:533][ 38]LogPlayLevel: PIE: Created PIE world by copying editor world from /Game/StarterContent/Maps/Minimal_Default.Minimal_Default to /Game/StarterContent/Maps/UEDPIE_0_Minimal_Default.Minimal_Default (0.028756s)
[2018.06.07-03.42.52:714][ 38]LogInit: XAudio2 using 'Speaker/HP (Realtek High Definition Audio)' : 2 channels at 48 kHz using 32 bits per sample (channel mask 0x3)
[2018.06.07-03.42.52:758][ 38]LogInit: FAudioDevice initialized.
[2018.06.07-03.42.52:857][ 38]LogLoad: Game class is 'BuildingEscapeGameModeBase_BP_C'
[2018.06.07-03.42.52:865][ 38]LogWorld: Bringing World /Game/StarterContent/Maps/UEDPIE_0_Minimal_Default.Minimal_Default up for play (max tick rate 60) at 2018.06.06-23.42.52
[2018.06.07-03.42.52:866][ 38]LogWorld: Bringing up level for play took: 0.003820
[2018.06.07-03.42.52:927][ 38]LogContentBrowser: Native class hierarchy updated for 'MovieSceneCapture' in 0.0017 seconds. Added 11 classes and 0 folders.
[2018.06.07-03.42.52:930][ 38]LogTemp: Warning: Grabber reporting for duty!
[2018.06.07-03.42.52:931][ 38]PIE: Play in editor start time for /Game/StarterContent/Maps/UEDPIE_0_Minimal_Default 0.727
[2018.06.07-03.42.52:931][ 38]LogBlueprintUserMessages: Late PlayInEditor Detection: Level '/Game/StarterContent/Maps/Minimal_Default.Minimal_Default:PersistentLevel' has LevelScriptBlueprint '/Game/StarterContent/Maps/Minimal_Default.Minimal_Default:PersistentLevel.Minimal_Default' with GeneratedClass '/Game/StarterContent/Maps/Minimal_Default.Minimal_Default_C' with ClassGeneratedBy '/Game/StarterContent/Maps/Minimal_Default.Minimal_Default:PersistentLevel.Minimal_Default'
[2018.06.07-03.42.58:476][234]LogSlate: Took 0.059708 seconds to synchronously load lazily loaded font '../../../Engine/Content/Slate/Fonts/DroidSansMono.ttf' (77K)
[2018.06.07-03.43.06:859][553]LogBlueprintUserMessages: Early EndPlayMap Detection: Level '/Game/StarterContent/Maps/Minimal_Default.Minimal_Default:PersistentLevel' has LevelScriptBlueprint '/Game/StarterContent/Maps/Minimal_Default.Minimal_Default:PersistentLevel.Minimal_Default' with GeneratedClass '/Game/StarterContent/Maps/Minimal_Default.Minimal_Default_C' with ClassGeneratedBy '/Game/StarterContent/Maps/Minimal_Default.Minimal_Default:PersistentLevel.Minimal_Default'
[2018.06.07-03.43.06:915][553]LogBlueprintUserMessages: Late EndPlayMap Detection: Level '/Game/StarterContent/Maps/Minimal_Default.Minimal_Default:PersistentLevel' has LevelScriptBlueprint '/Game/StarterContent/Maps/Minimal_Default.Minimal_Default:PersistentLevel.Minimal_Default' with GeneratedClass '/Game/StarterContent/Maps/Minimal_Default.Minimal_Default_C' with ClassGeneratedBy '/Game/StarterContent/Maps/Minimal_Default.Minimal_Default:PersistentLevel.Minimal_Default'
[2018.06.07-03.43.12:478][740]LogVSAccessor: Warning: Couldn't goto line number '1' in 'C:/Users/Mer Bear/Documents/GitHub/BuildingEscape/BuildingEscape/Source/BuildingEscape/Grabber.h'
[2018.06.07-03.43.12:480][740]LogVSAccessor: Warning: Couldn't open file 'C:/Users/Mer Bear/Documents/GitHub/BuildingEscape/BuildingEscape/Source/BuildingEscape/Grabber.cpp'.
[2018.06.07-03.43.30:490][329]BlueprintLog: New page: Compile DefaultPawn_BP
[2018.06.07-03.43.35:871][489]LogSlate: Window 'DefaultPawn_BP*' being destroyed
[2018.06.07-03.43.35:881][489]LogSlate: Window 'DefaultPawn_BP*' being destroyed
[2018.06.07-03.43.39:642][618]Candidate modules for hot reload:
[2018.06.07-03.43.39:642][618]  BuildingEscape
[2018.06.07-03.43.39:643][618]Launching UnrealBuildTool... [C:/Program Files/Epic Games/UE_4.19/Engine/Binaries/DotNET/UnrealBuildTool.exe BuildingEscape -ModuleWithSuffix=BuildingEscape,8791 Win64 Development -editorrecompile -canskiplink "C:/Users/Mer Bear/Documents/GitHub/BuildingEscape/BuildingEscape/BuildingEscape.uproject" ]
[2018.06.07-03.43.39:649][618]Warning: Starting HotReload took  0.0s.
[2018.06.07-03.43.48:254][923]CompilerResultsLog: New page: Compilation - Jun 6, 2018, 7:43:48 PM
[2018.06.07-03.43.48:255][923]CompilerResultsLog: Using 'git status' to determine working set for adaptive non-unity build.
[2018.06.07-03.43.48:255][923]CompilerResultsLog: Compiling game modules for hot reload
[2018.06.07-03.43.48:256][923]CompilerResultsLog: Target is up to date
[2018.06.07-03.43.48:256][923]CompilerResultsLog: Total build time: 6.77 seconds (NoActionsToExecute executor: 0.03 seconds)
[2018.06.07-03.43.48:256][923]LogMainFrame: MainFrame: Module compiling took 8.623 seconds
[2018.06.07-03.43.49:013][923]LogContentBrowser: Native class hierarchy populated in 0.0280 seconds. Added 2457 classes and 562 folders.
[2018.06.07-03.43.49:013][923]Display: HotReload took  9.4s.
[2018.06.07-03.46.06:887][716]Candidate modules for hot reload:
[2018.06.07-03.46.06:888][716]  BuildingEscape
[2018.06.07-03.46.06:888][716]Launching UnrealBuildTool... [C:/Program Files/Epic Games/UE_4.19/Engine/Binaries/DotNET/UnrealBuildTool.exe BuildingEscape -ModuleWithSuffix=BuildingEscape,3124 Win64 Development -editorrecompile -canskiplink "C:/Users/Mer Bear/Documents/GitHub/BuildingEscape/BuildingEscape/BuildingEscape.uproject" ]
[2018.06.07-03.46.06:891][716]Warning: Starting HotReload took  0.0s.
[2018.06.07-03.46.09:774][833]CompilerResultsLog: New page: Compilation - Jun 6, 2018, 7:46:09 PM
[2018.06.07-03.46.09:775][833]CompilerResultsLog: Using 'git status' to determine working set for adaptive non-unity build.
[2018.06.07-03.46.09:775][833]CompilerResultsLog: Compiling game modules for hot reload
[2018.06.07-03.46.09:775][833]CompilerResultsLog: Target is up to date
[2018.06.07-03.46.09:776][833]CompilerResultsLog: Total build time: 2.23 seconds (NoActionsToExecute executor: 0.01 seconds)
[2018.06.07-03.46.09:777][833]LogMainFrame: MainFrame: Module compiling took 2.895 seconds
[2018.06.07-03.46.10:296][833]LogContentBrowser: Native class hierarchy populated in 0.0118 seconds. Added 2457 classes and 562 folders.
[2018.06.07-03.46.10:296][833]Display: HotReload took  3.4s.
[2018.06.07-03.46.13:928][961]LogTemp: Repeating last play command: Selected Viewport
[2018.06.07-03.46.13:974][961]LogBlueprintUserMessages: Early PlayInEditor Detection: Level '/Game/StarterContent/Maps/Minimal_Default.Minimal_Default:PersistentLevel' has LevelScriptBlueprint '/Game/StarterContent/Maps/Minimal_Default.Minimal_Default:PersistentLevel.Minimal_Default' with GeneratedClass '/Game/StarterContent/Maps/Minimal_Default.Minimal_Default_C' with ClassGeneratedBy '/Game/StarterContent/Maps/Minimal_Default.Minimal_Default:PersistentLevel.Minimal_Default'
[2018.06.07-03.46.13:976][961]LogPlayLevel: PlayLevel: No blueprints needed recompiling
[2018.06.07-03.46.13:976][961]PIE: New page: PIE session: Minimal_Default (Jun 6, 2018, 7:46:13 PM)
[2018.06.07-03.46.13:977][961]LogPlayLevel: Creating play world package: /Game/StarterContent/Maps/UEDPIE_0_Minimal_Default
[2018.06.07-03.46.13:986][961]LogPlayLevel: PIE: StaticDuplicateObject took: (0.009349s)
[2018.06.07-03.46.13:988][961]LogAIModule: Creating AISystem for world Minimal_Default
[2018.06.07-03.46.13:989][961]LogPlayLevel: PIE: World Init took: (0.002101s)
[2018.06.07-03.46.13:990][961]LogPlayLevel: PIE: Created PIE world by copying editor world from /Game/StarterContent/Maps/Minimal_Default.Minimal_Default to /Game/StarterContent/Maps/UEDPIE_0_Minimal_Default.Minimal_Default (0.013004s)
[2018.06.07-03.46.14:133][961]LogInit: XAudio2 using 'Speaker/HP (Realtek High Definition Audio)' : 2 channels at 48 kHz using 32 bits per sample (channel mask 0x3)
[2018.06.07-03.46.14:153][961]LogInit: FAudioDevice initialized.
[2018.06.07-03.46.14:192][961]LogLoad: Game class is 'BuildingEscapeGameModeBase_BP_C'
[2018.06.07-03.46.14:195][961]LogWorld: Bringing World /Game/StarterContent/Maps/UEDPIE_0_Minimal_Default.Minimal_Default up for play (max tick rate 60) at 2018.06.06-23.46.14
[2018.06.07-03.46.14:196][961]LogWorld: Bringing up level for play took: 0.002610
[2018.06.07-03.46.14:198][961]LogTemp: Warning: Grabber reporting for duty!
[2018.06.07-03.46.14:198][961]LogTemp: Error: PhysicsHandle component not found in object DefaultPawn_BP_C_0!
[2018.06.07-03.46.14:198][961]PIE: Play in editor start time for /Game/StarterContent/Maps/UEDPIE_0_Minimal_Default -0.006
[2018.06.07-03.46.14:199][961]LogBlueprintUserMessages: Late PlayInEditor Detection: Level '/Game/StarterContent/Maps/Minimal_Default.Minimal_Default:PersistentLevel' has LevelScriptBlueprint '/Game/StarterContent/Maps/Minimal_Default.Minimal_Default:PersistentLevel.Minimal_Default' with GeneratedClass '/Game/StarterContent/Maps/Minimal_Default.Minimal_Default_C' with ClassGeneratedBy '/Game/StarterContent/Maps/Minimal_Default.Minimal_Default:PersistentLevel.Minimal_Default'
[2018.06.07-03.46.24:186][324]LogBlueprintUserMessages: Early EndPlayMap Detection: Level '/Game/StarterContent/Maps/Minimal_Default.Minimal_Default:PersistentLevel' has LevelScriptBlueprint '/Game/StarterContent/Maps/Minimal_Default.Minimal_Default:PersistentLevel.Minimal_Default' with GeneratedClass '/Game/StarterContent/Maps/Minimal_Default.Minimal_Default_C' with ClassGeneratedBy '/Game/StarterContent/Maps/Minimal_Default.Minimal_Default:PersistentLevel.Minimal_Default'
[2018.06.07-03.46.24:234][324]LogBlueprintUserMessages: Late EndPlayMap Detection: Level '/Game/StarterContent/Maps/Minimal_Default.Minimal_Default:PersistentLevel' has LevelScriptBlueprint '/Game/StarterContent/Maps/Minimal_Default.Minimal_Default:PersistentLevel.Minimal_Default' with GeneratedClass '/Game/StarterContent/Maps/Minimal_Default.Minimal_Default_C' with ClassGeneratedBy '/Game/StarterContent/Maps/Minimal_Default.Minimal_Default:PersistentLevel.Minimal_Default'
[2018.06.07-03.49.14:070][496]LogFileHelpers: Editor autosave (incl. sublevels) for '/Game/StarterContent/Maps/Minimal_Default' took 0.063
[2018.06.07-03.49.14:076][496]OBJ SavePackage: Generating thumbnails for [1] asset(s) in package [/Game/DefaultPawn_BP] ([1] browsable assets)...
[2018.06.07-03.49.14:137][496]OBJ SavePackage:     Rendered thumbnail for [Blueprint /Game/DefaultPawn_BP.DefaultPawn_BP]
[2018.06.07-03.49.14:137][496]OBJ SavePackage: Finished generating thumbnails for package [/Game/DefaultPawn_BP]
[2018.06.07-03.49.14:261][496]LogSavePackage: Save=70.85ms
[2018.06.07-03.49.14:262][496]LogSavePackage: Moving '../../../../../../Users/Mer Bear/Documents/GitHub/BuildingEscape/BuildingEscape/Saved/DefaultPawn_BP_Auto1DB2E9E0E4A1FDA985293CBAC58B80736.tmp' to '../../../../../../Users/Mer Bear/Documents/GitHub/BuildingEscape/BuildingEscape/Saved/Autosaves/Game/DefaultPawn_BP_Auto1.uasset'
[2018.06.07-03.49.14:265][496]LogSavePackage: Display: Finished SavePackage ../../../../../../Users/Mer Bear/Documents/GitHub/BuildingEscape/BuildingEscape/Saved/Autosaves/Game/DefaultPawn_BP_Auto1.uasset
[2018.06.07-03.49.14:266][496]LogFileHelpers: Auto-saving content packages took 0.193
[2018.06.07-03.59.11:305][852]LogSlate: Window 'DefaultPawn_BP*' being destroyed
[2018.06.07-03.59.11:318][852]LogSlate: Window 'DefaultPawn_BP*' being destroyed
[2018.06.07-03.59.14:465][941]LogFileHelpers: Editor autosave (incl. sublevels) for '/Game/StarterContent/Maps/Minimal_Default' took 0.060
[2018.06.07-03.59.14:469][941]OBJ SavePackage: Generating thumbnails for [1] asset(s) in package [/Game/DefaultPawn_BP] ([1] browsable assets)...
[2018.06.07-03.59.14:516][941]OBJ SavePackage:     Rendered thumbnail for [Blueprint /Game/DefaultPawn_BP.DefaultPawn_BP]
[2018.06.07-03.59.14:516][941]OBJ SavePackage: Finished generating thumbnails for package [/Game/DefaultPawn_BP]
[2018.06.07-03.59.14:606][941]LogSavePackage: Save=55.14ms
[2018.06.07-03.59.14:607][941]LogSavePackage: Moving '../../../../../../Users/Mer Bear/Documents/GitHub/BuildingEscape/BuildingEscape/Saved/DefaultPawn_BP_Auto28EB92BE34E6E896CCF9AF1A4A749E642.tmp' to '../../../../../../Users/Mer Bear/Documents/GitHub/BuildingEscape/BuildingEscape/Saved/Autosaves/Game/DefaultPawn_BP_Auto2.uasset'
[2018.06.07-03.59.14:613][941]LogSavePackage: Display: Finished SavePackage ../../../../../../Users/Mer Bear/Documents/GitHub/BuildingEscape/BuildingEscape/Saved/Autosaves/Game/DefaultPawn_BP_Auto2.uasset
[2018.06.07-03.59.14:614][941]LogFileHelpers: Auto-saving content packages took 0.147
[2018.06.07-15.19.53:992][793]LogHttp: Warning: 00000175D3CCC580: request failed, libcurl error: 6 (Couldn't resolve host name)
[2018.06.07-15.19.53:993][793]LogHttp: Warning: 00000175D3CCC580: libcurl info message cache 0 (Connection 12 seems to be dead!)
[2018.06.07-15.19.53:993][793]LogHttp: Warning: 00000175D3CCC580: libcurl info message cache 1 (Closing connection 12)
[2018.06.07-15.19.53:993][793]LogHttp: Warning: 00000175D3CCC580: libcurl info message cache 2 (Could not resolve host: datarouter.ol.epicgames.com)
[2018.06.07-15.19.53:994][793]LogHttp: Warning: 00000175D3CCC580: libcurl info message cache 3 (Closing connection 13)
[2018.06.07-15.20.06:237][891]Cmd: OBJ SAVEPACKAGE PACKAGE="/Game/DefaultPawn_BP" FILE="../../../../../../Users/Mer Bear/Documents/GitHub/BuildingEscape/BuildingEscape/Content/DefaultPawn_BP.uasset" SILENT=true
[2018.06.07-15.20.08:143][891]LogSavePackage: Save=462.68ms
[2018.06.07-15.20.08:168][891]LogSavePackage: Moving '../../../../../../Users/Mer Bear/Documents/GitHub/BuildingEscape/BuildingEscape/Saved/DefaultPawn_BP7A08D7A2482617B0C5847EA2EC437BA6.tmp' to '../../../../../../Users/Mer Bear/Documents/GitHub/BuildingEscape/BuildingEscape/Content/DefaultPawn_BP.uasset'
[2018.06.07-15.20.08:290][891]LogSavePackage: Display: Finished SavePackage ../../../../../../Users/Mer Bear/Documents/GitHub/BuildingEscape/BuildingEscape/Content/DefaultPawn_BP.uasset
